<?xml version="1.0" encoding="UTF-8"?>
<!-- Generated by org.testng.reporters.JUnitReportReporter -->
<testsuite hostname="DESKTOP-GLEE4PL" failures="0" tests="3" name="TestNGconcept.DependsonMethodConcept" time="0.164" errors="0" timestamp="2023-04-28T22:43:25 PDT" skipped="0">
  <testcase classname="TestNGconcept.DependsonMethodConcept" name="validateCreateCompanyTest" time="0.007"/>
  <system-out/>
  <testcase classname="TestNGconcept.DependsonMethodConcept" name="validateCreateContactTest" time="0.006"/>
  <system-out/>
  <testcase classname="TestNGconcept.DependsonMethodConcept" name="validateLoginTest" time="0.151"/>
  <system-out/>
</testsuite> <!-- TestNGconcept.DependsonMethodConcept -->
